Aug-13 14:20:47.183 [main] DEBUG nextflow.cli.Launcher - $> nextflow run main.nf --patient_id PID_262622_ --samplesheet /projects/academic/rpili/Jonathan_Lovell_project/samplesheets/pdmr/PID_262622/vcf_expression_annotator.csv --transcript_counts /projects/academic/rpili/Jonathan_Lovell_project/results/pdmr/PID_262622/rnaseq/star_salmon/salmon.merged.transcript_counts.tsv --outdir_base /projects/academic/rpili/Jonathan_Lovell_project/vcf-expression-annotator/results/pdmr/PID_262622/ -profile singularity -resume
Aug-13 14:20:47.313 [main] DEBUG nextflow.cli.CmdRun - N E X T F L O W  ~  version 25.04.4
Aug-13 14:20:47.338 [main] DEBUG nextflow.plugin.PluginsFacade - Setting up plugin manager > mode=prod; embedded=false; plugins-dir=/projects/academic/rpili/tgross2/tmp/.nextflow/plugins; core-plugins: nf-amazon@2.15.0,nf-azure@1.16.0,nf-cloudcache@0.4.3,nf-codecommit@0.2.3,nf-console@1.2.1,nf-google@1.21.0,nf-k8s@1.0.0,nf-tower@1.11.3,nf-wave@1.12.1
Aug-13 14:20:47.370 [main] INFO  o.pf4j.DefaultPluginStatusProvider - Enabled plugins: []
Aug-13 14:20:47.372 [main] INFO  o.pf4j.DefaultPluginStatusProvider - Disabled plugins: []
Aug-13 14:20:47.375 [main] INFO  org.pf4j.DefaultPluginManager - PF4J version 3.12.0 in 'deployment' mode
Aug-13 14:20:47.388 [main] INFO  org.pf4j.AbstractPluginManager - No plugins
Aug-13 14:20:47.410 [main] DEBUG nextflow.config.ConfigBuilder - Found config local: /projects/academic/rpili/Jonathan_Lovell_project/scripts/vcf_expression_annotation/nextflow.config
Aug-13 14:20:47.413 [main] DEBUG nextflow.config.ConfigBuilder - Parsing config file: /projects/academic/rpili/Jonathan_Lovell_project/scripts/vcf_expression_annotation/nextflow.config
Aug-13 14:20:47.443 [main] DEBUG n.secret.LocalSecretsProvider - Secrets store: /projects/academic/rpili/tgross2/tmp/.nextflow/secrets/store.json
Aug-13 14:20:47.447 [main] DEBUG nextflow.secret.SecretsLoader - Discovered secrets providers: [nextflow.secret.LocalSecretsProvider@c68a5f8] - activable => nextflow.secret.LocalSecretsProvider@c68a5f8
Aug-13 14:20:47.465 [main] DEBUG nextflow.config.ConfigBuilder - Applying config profile: `singularity`
Aug-13 14:20:48.004 [main] DEBUG nextflow.config.ConfigBuilder - Available config profiles: [test, singularity, docker]
Aug-13 14:20:48.049 [main] DEBUG nextflow.cli.CmdRun - Applied DSL=2 from script declaration
Aug-13 14:20:48.065 [main] DEBUG nextflow.cli.CmdRun - Launching `main.nf` [kickass_dalembert] DSL2 - revision: 3b36cc75c0
Aug-13 14:20:48.066 [main] DEBUG nextflow.plugin.PluginsFacade - Plugins default=[]
Aug-13 14:20:48.066 [main] DEBUG nextflow.plugin.PluginsFacade - Plugins resolved requirement=[]
Aug-13 14:20:48.119 [main] DEBUG nextflow.Session - Session UUID: 93d445af-45ea-47b0-8c03-b50508f528bb
Aug-13 14:20:48.119 [main] DEBUG nextflow.Session - Run name: kickass_dalembert
Aug-13 14:20:48.120 [main] DEBUG nextflow.Session - Executor pool size: 32
Aug-13 14:20:48.129 [main] DEBUG nextflow.file.FilePorter - File porter settings maxRetries=3; maxTransfers=50; pollTimeout=null
Aug-13 14:20:48.134 [main] DEBUG nextflow.util.ThreadPoolBuilder - Creating thread pool 'FileTransfer' minSize=10; maxSize=96; workQueue=LinkedBlockingQueue[-1]; allowCoreThreadTimeout=false
Aug-13 14:20:48.162 [main] DEBUG nextflow.cli.CmdRun - 
  Version: 25.04.4 build 5950
  Created: 16-06-2025 14:23 UTC 
  System: Linux 6.8.0-60-generic
  Runtime: Groovy 4.0.26 on OpenJDK 64-Bit Server VM 21.0.2+13-58
  Encoding: UTF-8 (UTF-8)
  Process: 3057504@cpn-h22-14.core.ccr.buffalo.edu [10.17.7.202]
  CPUs: 32 - Mem: 503.2 GB (234.8 GB) - Swap: 0 (0)
Aug-13 14:20:48.223 [main] DEBUG nextflow.Session - Work-dir: /vscratch/grp-rpili/neoantigen_prediction/vcf_expression_annotation/PID_262622 [nfs]
Aug-13 14:20:48.224 [main] DEBUG nextflow.Session - Script base path does not exist or is not a directory: /projects/academic/rpili/Jonathan_Lovell_project/scripts/vcf_expression_annotation/bin
Aug-13 14:20:48.240 [main] DEBUG nextflow.executor.ExecutorFactory - Extension executors providers=[]
Aug-13 14:20:48.250 [main] DEBUG nextflow.Session - Observer factory: DefaultObserverFactory
Aug-13 14:20:48.256 [main] DEBUG nextflow.Session - Observer factory (v2): LinObserverFactory
Aug-13 14:20:48.281 [main] DEBUG nextflow.cache.CacheFactory - Using Nextflow cache factory: nextflow.cache.DefaultCacheFactory
Aug-13 14:20:48.290 [main] DEBUG nextflow.util.CustomThreadPool - Creating default thread pool > poolSize: 33; maxThreads: 1000
Aug-13 14:20:48.395 [main] DEBUG nextflow.Session - Session start
Aug-13 14:20:48.808 [main] DEBUG nextflow.script.ScriptRunner - > Launching execution
Aug-13 14:20:49.263 [main] DEBUG nextflow.executor.ExecutorFactory - << taskConfig executor: null
Aug-13 14:20:49.263 [main] DEBUG nextflow.executor.ExecutorFactory - >> processorType: 'local'
Aug-13 14:20:49.269 [main] DEBUG nextflow.executor.Executor - [warm up] executor > local
Aug-13 14:20:49.276 [main] DEBUG n.processor.LocalPollingMonitor - Creating local task monitor for executor 'local' > cpus=32; memory=503.2 GB; capacity=32; pollInterval=100ms; dumpInterval=5m
Aug-13 14:20:49.278 [main] DEBUG n.processor.TaskPollingMonitor - >>> barrier register (monitor: local)
Aug-13 14:20:49.303 [main] DEBUG nextflow.processor.TaskProcessor - Creating process 'SPLIT_TRANSCRIPT_COUNTS': maxForks=0; fair=false; array=0
Aug-13 14:20:49.402 [main] DEBUG nextflow.executor.ExecutorFactory - << taskConfig executor: null
Aug-13 14:20:49.403 [main] DEBUG nextflow.executor.ExecutorFactory - >> processorType: 'local'
Aug-13 14:20:49.404 [main] DEBUG nextflow.processor.TaskProcessor - Creating process 'VCF_EXPRESSION_ANNOTATOR': maxForks=0; fair=false; array=0
Aug-13 14:20:49.414 [main] DEBUG nextflow.executor.ExecutorFactory - << taskConfig executor: null
Aug-13 14:20:49.414 [main] DEBUG nextflow.executor.ExecutorFactory - >> processorType: 'local'
Aug-13 14:20:49.415 [main] DEBUG nextflow.processor.TaskProcessor - Creating process 'CLEAN_VCF': maxForks=0; fair=false; array=0
Aug-13 14:20:49.430 [main] DEBUG nextflow.executor.ExecutorFactory - << taskConfig executor: null
Aug-13 14:20:49.430 [main] DEBUG nextflow.executor.ExecutorFactory - >> processorType: 'local'
Aug-13 14:20:49.431 [main] DEBUG nextflow.processor.TaskProcessor - Creating process 'VCF_TO_CSV': maxForks=0; fair=false; array=0
Aug-13 14:20:49.435 [main] DEBUG nextflow.Session - Workflow process names [dsl2]: CLEAN_VCF, VCF_EXPRESSION_ANNOTATOR, SPLIT_TRANSCRIPT_COUNTS, VCF_TO_CSV
Aug-13 14:20:49.437 [main] DEBUG nextflow.Session - Igniting dataflow network (7)
Aug-13 14:20:49.442 [main] DEBUG nextflow.processor.TaskProcessor - Starting process > SPLIT_TRANSCRIPT_COUNTS
Aug-13 14:20:49.443 [main] DEBUG nextflow.processor.TaskProcessor - Starting process > VCF_EXPRESSION_ANNOTATOR
Aug-13 14:20:49.443 [main] DEBUG nextflow.processor.TaskProcessor - Starting process > CLEAN_VCF
Aug-13 14:20:49.444 [main] DEBUG nextflow.processor.TaskProcessor - Starting process > VCF_TO_CSV
Aug-13 14:20:49.444 [main] DEBUG nextflow.script.ScriptRunner - Parsed script files:
  Script_453fe7c4bfa2ad33: /projects/academic/rpili/Jonathan_Lovell_project/scripts/vcf_expression_annotation/modules/split_transcript_counts.nf
  Script_07c56f80073cffb6: /projects/academic/rpili/Jonathan_Lovell_project/scripts/vcf_expression_annotation/modules/vcf_to_csv.nf
  Script_9eec495c7e2c478b: /projects/academic/rpili/Jonathan_Lovell_project/scripts/vcf_expression_annotation/modules/vcf_expression_annotator.nf
  Script_e8197a57a6d5cfe1: /projects/academic/rpili/Jonathan_Lovell_project/scripts/vcf_expression_annotation/main.nf
  Script_1060ab9d2aa3c575: /projects/academic/rpili/Jonathan_Lovell_project/scripts/vcf_expression_annotation/modules/clean_vcf.nf
Aug-13 14:20:49.444 [main] DEBUG nextflow.script.ScriptRunner - > Awaiting termination 
Aug-13 14:20:49.445 [main] DEBUG nextflow.Session - Session await
Aug-13 14:20:49.538 [Actor Thread 18] DEBUG nextflow.container.SingularityCache - Singularity found local store for image=docker://community.wave.seqera.io/library/pandas_python:4330fd07d14e9bfb; path=/projects/academic/rpili/tgross2/singularity_cache/community.wave.seqera.io-library-pandas_python-4330fd07d14e9bfb.img
Aug-13 14:20:49.720 [Task submitter] DEBUG n.executor.local.LocalTaskHandler - Launch cmd line: /bin/bash -ue .command.run
Aug-13 14:20:49.727 [Task submitter] INFO  nextflow.Session - [33/19398b] Submitted process > SPLIT_TRANSCRIPT_COUNTS (1)
Aug-13 14:20:55.436 [Task monitor] DEBUG n.processor.TaskPollingMonitor - Task completed > TaskHandler[id: 1; name: SPLIT_TRANSCRIPT_COUNTS (1); status: COMPLETED; exit: 0; error: -; workDir: /vscratch/grp-rpili/neoantigen_prediction/vcf_expression_annotation/PID_262622/33/19398b1d505ea415d081358b53655e]
Aug-13 14:20:55.439 [Task monitor] DEBUG nextflow.util.ThreadPoolBuilder - Creating thread pool 'TaskFinalizer' minSize=10; maxSize=96; workQueue=LinkedBlockingQueue[-1]; allowCoreThreadTimeout=false
Aug-13 14:20:55.511 [TaskFinalizer-1] DEBUG nextflow.util.ThreadPoolBuilder - Creating thread pool 'PublishDir' minSize=10; maxSize=96; workQueue=LinkedBlockingQueue[-1]; allowCoreThreadTimeout=false
Aug-13 14:20:55.514 [Actor Thread 31] INFO  nextflow.container.SingularityCache - Pulling Singularity image docker://griffithlab/vatools:latest [cache /projects/academic/rpili/tgross2/singularity_cache/griffithlab-vatools-latest.img]
Aug-13 14:25:49.497 [Task monitor] DEBUG n.processor.TaskPollingMonitor - !! executor local > No more task to compute -- The following nodes are still active:
[process] VCF_EXPRESSION_ANNOTATOR
  status=ACTIVE
  port 0: (queue) closed; channel: -
  port 1: (value) bound ; channel: patient_id
  port 2: (cntrl) -     ; channel: $

[process] CLEAN_VCF
  status=ACTIVE
  port 0: (queue) OPEN  ; channel: -
  port 1: (value) bound ; channel: patient_id
  port 2: (cntrl) -     ; channel: $

[process] VCF_TO_CSV
  status=ACTIVE
  port 0: (queue) OPEN  ; channel: -
  port 1: (value) bound ; channel: patient_id
  port 2: (cntrl) -     ; channel: $

Aug-13 14:30:49.539 [Task monitor] DEBUG n.processor.TaskPollingMonitor - !! executor local > No more task to compute -- The following nodes are still active:
[process] VCF_EXPRESSION_ANNOTATOR
  status=ACTIVE
  port 0: (queue) closed; channel: -
  port 1: (value) bound ; channel: patient_id
  port 2: (cntrl) -     ; channel: $

[process] CLEAN_VCF
  status=ACTIVE
  port 0: (queue) OPEN  ; channel: -
  port 1: (value) bound ; channel: patient_id
  port 2: (cntrl) -     ; channel: $

[process] VCF_TO_CSV
  status=ACTIVE
  port 0: (queue) OPEN  ; channel: -
  port 1: (value) bound ; channel: patient_id
  port 2: (cntrl) -     ; channel: $

Aug-13 14:31:32.160 [Actor Thread 31] DEBUG nextflow.container.SingularityCache - Singularity pull complete image=docker://griffithlab/vatools:latest path=/projects/academic/rpili/tgross2/singularity_cache/griffithlab-vatools-latest.img
Aug-13 14:31:32.246 [Task submitter] DEBUG n.executor.local.LocalTaskHandler - Launch cmd line: /bin/bash -ue .command.run
Aug-13 14:31:32.249 [Task submitter] INFO  nextflow.Session - [52/8c4625] Submitted process > VCF_EXPRESSION_ANNOTATOR (4)
Aug-13 14:31:32.277 [Task submitter] DEBUG n.executor.local.LocalTaskHandler - Launch cmd line: /bin/bash -ue .command.run
Aug-13 14:31:32.278 [Task submitter] INFO  nextflow.Session - [1f/afc5f9] Submitted process > VCF_EXPRESSION_ANNOTATOR (3)
Aug-13 14:31:32.307 [Task submitter] DEBUG n.executor.local.LocalTaskHandler - Launch cmd line: /bin/bash -ue .command.run
Aug-13 14:31:32.308 [Task submitter] INFO  nextflow.Session - [50/bb3b55] Submitted process > VCF_EXPRESSION_ANNOTATOR (2)
Aug-13 14:31:32.330 [Task submitter] DEBUG n.executor.local.LocalTaskHandler - Launch cmd line: /bin/bash -ue .command.run
Aug-13 14:31:32.332 [Task submitter] INFO  nextflow.Session - [8a/2ab582] Submitted process > VCF_EXPRESSION_ANNOTATOR (1)
Aug-13 14:35:49.595 [Task monitor] DEBUG n.processor.TaskPollingMonitor - !! executor local > tasks to be completed: 4 -- submitted tasks are shown below
~> TaskHandler[id: 5; name: VCF_EXPRESSION_ANNOTATOR (4); status: RUNNING; exit: -; error: -; workDir: /vscratch/grp-rpili/neoantigen_prediction/vcf_expression_annotation/PID_262622/52/8c46259303ffafe972bbe9bca4081f]
~> TaskHandler[id: 4; name: VCF_EXPRESSION_ANNOTATOR (3); status: RUNNING; exit: -; error: -; workDir: /vscratch/grp-rpili/neoantigen_prediction/vcf_expression_annotation/PID_262622/1f/afc5f938f8f5c481cfa8aa66688557]
~> TaskHandler[id: 3; name: VCF_EXPRESSION_ANNOTATOR (2); status: RUNNING; exit: -; error: -; workDir: /vscratch/grp-rpili/neoantigen_prediction/vcf_expression_annotation/PID_262622/50/bb3b5514198a7dbdc35fb20e8ee64e]
~> TaskHandler[id: 2; name: VCF_EXPRESSION_ANNOTATOR (1); status: RUNNING; exit: -; error: -; workDir: /vscratch/grp-rpili/neoantigen_prediction/vcf_expression_annotation/PID_262622/8a/2ab58281f959ceea45839413af6ff8]
Aug-13 14:39:35.976 [Task monitor] DEBUG n.processor.TaskPollingMonitor - Task completed > TaskHandler[id: 3; name: VCF_EXPRESSION_ANNOTATOR (2); status: COMPLETED; exit: 0; error: -; workDir: /vscratch/grp-rpili/neoantigen_prediction/vcf_expression_annotation/PID_262622/50/bb3b5514198a7dbdc35fb20e8ee64e]
Aug-13 14:39:36.014 [Actor Thread 29] INFO  nextflow.container.SingularityCache - Pulling Singularity image docker://community.wave.seqera.io/library/python:3.11.0--73cecb2a04197534 [cache /projects/academic/rpili/tgross2/singularity_cache/community.wave.seqera.io-library-python-3.11.0--73cecb2a04197534.img]
Aug-13 14:39:41.813 [Task monitor] DEBUG n.processor.TaskPollingMonitor - Task completed > TaskHandler[id: 2; name: VCF_EXPRESSION_ANNOTATOR (1); status: COMPLETED; exit: 0; error: -; workDir: /vscratch/grp-rpili/neoantigen_prediction/vcf_expression_annotation/PID_262622/8a/2ab58281f959ceea45839413af6ff8]
Aug-13 14:39:45.830 [Task monitor] DEBUG n.processor.TaskPollingMonitor - Task completed > TaskHandler[id: 4; name: VCF_EXPRESSION_ANNOTATOR (3); status: COMPLETED; exit: 0; error: -; workDir: /vscratch/grp-rpili/neoantigen_prediction/vcf_expression_annotation/PID_262622/1f/afc5f938f8f5c481cfa8aa66688557]
Aug-13 14:40:11.162 [Task monitor] DEBUG n.processor.TaskPollingMonitor - Task completed > TaskHandler[id: 5; name: VCF_EXPRESSION_ANNOTATOR (4); status: COMPLETED; exit: 0; error: -; workDir: /vscratch/grp-rpili/neoantigen_prediction/vcf_expression_annotation/PID_262622/52/8c46259303ffafe972bbe9bca4081f]
Aug-13 14:40:49.698 [Task monitor] DEBUG n.processor.TaskPollingMonitor - !! executor local > No more task to compute -- The following nodes are still active:
[process] CLEAN_VCF
  status=ACTIVE
  port 0: (queue) closed; channel: -
  port 1: (value) bound ; channel: patient_id
  port 2: (cntrl) -     ; channel: $

[process] VCF_TO_CSV
  status=ACTIVE
  port 0: (queue) OPEN  ; channel: -
  port 1: (value) bound ; channel: patient_id
  port 2: (cntrl) -     ; channel: $

Aug-13 14:44:32.509 [Actor Thread 29] DEBUG nextflow.container.SingularityCache - Singularity pull complete image=docker://community.wave.seqera.io/library/python:3.11.0--73cecb2a04197534 path=/projects/academic/rpili/tgross2/singularity_cache/community.wave.seqera.io-library-python-3.11.0--73cecb2a04197534.img
Aug-13 14:44:32.568 [Task submitter] DEBUG n.executor.local.LocalTaskHandler - Launch cmd line: /bin/bash -ue .command.run
Aug-13 14:44:32.569 [Task submitter] INFO  nextflow.Session - [e7/ab9018] Submitted process > CLEAN_VCF (4)
Aug-13 14:44:32.608 [Task submitter] DEBUG n.executor.local.LocalTaskHandler - Launch cmd line: /bin/bash -ue .command.run
Aug-13 14:44:32.611 [Task submitter] INFO  nextflow.Session - [8c/2f3f49] Submitted process > CLEAN_VCF (2)
Aug-13 14:44:32.640 [Task submitter] DEBUG n.executor.local.LocalTaskHandler - Launch cmd line: /bin/bash -ue .command.run
Aug-13 14:44:32.641 [Task submitter] INFO  nextflow.Session - [00/96c06a] Submitted process > CLEAN_VCF (1)
Aug-13 14:44:32.674 [Task submitter] DEBUG n.executor.local.LocalTaskHandler - Launch cmd line: /bin/bash -ue .command.run
Aug-13 14:44:32.675 [Task submitter] INFO  nextflow.Session - [2b/7a9d83] Submitted process > CLEAN_VCF (3)
Aug-13 14:44:38.327 [Task monitor] DEBUG n.processor.TaskPollingMonitor - Task completed > TaskHandler[id: 6; name: CLEAN_VCF (1); status: COMPLETED; exit: 0; error: -; workDir: /vscratch/grp-rpili/neoantigen_prediction/vcf_expression_annotation/PID_262622/00/96c06a657db28470fd45c5f0d9c3a6]
Aug-13 14:44:38.363 [Actor Thread 28] INFO  nextflow.container.SingularityCache - Pulling Singularity image docker://community.wave.seqera.io/library/cyvcf2:0.31.1--709ec51e0c21a366 [cache /projects/academic/rpili/tgross2/singularity_cache/community.wave.seqera.io-library-cyvcf2-0.31.1--709ec51e0c21a366.img]
Aug-13 14:44:38.372 [Task monitor] DEBUG n.processor.TaskPollingMonitor - Task completed > TaskHandler[id: 7; name: CLEAN_VCF (2); status: COMPLETED; exit: 0; error: -; workDir: /vscratch/grp-rpili/neoantigen_prediction/vcf_expression_annotation/PID_262622/8c/2f3f495cad94c025654f58d5eecadc]
Aug-13 14:44:38.483 [Task monitor] DEBUG n.processor.TaskPollingMonitor - Task completed > TaskHandler[id: 8; name: CLEAN_VCF (3); status: COMPLETED; exit: 0; error: -; workDir: /vscratch/grp-rpili/neoantigen_prediction/vcf_expression_annotation/PID_262622/2b/7a9d83e14b893e227db9ec80434b20]
Aug-13 14:44:38.735 [Task monitor] DEBUG n.processor.TaskPollingMonitor - Task completed > TaskHandler[id: 9; name: CLEAN_VCF (4); status: COMPLETED; exit: 0; error: -; workDir: /vscratch/grp-rpili/neoantigen_prediction/vcf_expression_annotation/PID_262622/e7/ab9018bb1a0bc73565cf71d42997ae]
Aug-13 14:45:49.795 [Task monitor] DEBUG n.processor.TaskPollingMonitor - !! executor local > No more task to compute -- The following nodes are still active:
[process] VCF_TO_CSV
  status=ACTIVE
  port 0: (queue) closed; channel: -
  port 1: (value) bound ; channel: patient_id
  port 2: (cntrl) -     ; channel: $

Aug-13 14:50:49.840 [Task monitor] DEBUG n.processor.TaskPollingMonitor - !! executor local > No more task to compute -- The following nodes are still active:
[process] VCF_TO_CSV
  status=ACTIVE
  port 0: (queue) closed; channel: -
  port 1: (value) bound ; channel: patient_id
  port 2: (cntrl) -     ; channel: $

Aug-13 14:51:04.108 [Actor Thread 28] DEBUG nextflow.container.SingularityCache - Singularity pull complete image=docker://community.wave.seqera.io/library/cyvcf2:0.31.1--709ec51e0c21a366 path=/projects/academic/rpili/tgross2/singularity_cache/community.wave.seqera.io-library-cyvcf2-0.31.1--709ec51e0c21a366.img
Aug-13 14:51:04.160 [Task submitter] DEBUG n.executor.local.LocalTaskHandler - Launch cmd line: /bin/bash -ue .command.run
Aug-13 14:51:04.161 [Task submitter] INFO  nextflow.Session - [cf/98aa83] Submitted process > VCF_TO_CSV (1)
Aug-13 14:51:04.197 [Task submitter] DEBUG n.executor.local.LocalTaskHandler - Launch cmd line: /bin/bash -ue .command.run
Aug-13 14:51:04.198 [Task submitter] INFO  nextflow.Session - [bf/91b0af] Submitted process > VCF_TO_CSV (3)
Aug-13 14:51:04.219 [Task submitter] DEBUG n.executor.local.LocalTaskHandler - Launch cmd line: /bin/bash -ue .command.run
Aug-13 14:51:04.220 [Task submitter] INFO  nextflow.Session - [9c/13ecce] Submitted process > VCF_TO_CSV (4)
Aug-13 14:51:04.239 [Task submitter] DEBUG n.executor.local.LocalTaskHandler - Launch cmd line: /bin/bash -ue .command.run
Aug-13 14:51:04.239 [Task submitter] INFO  nextflow.Session - [b1/0c4354] Submitted process > VCF_TO_CSV (2)
Aug-13 14:51:07.497 [Task monitor] DEBUG n.processor.TaskPollingMonitor - Task completed > TaskHandler[id: 10; name: VCF_TO_CSV (1); status: COMPLETED; exit: 0; error: -; workDir: /vscratch/grp-rpili/neoantigen_prediction/vcf_expression_annotation/PID_262622/cf/98aa83387bb752114e6dd5e92e1f2f]
Aug-13 14:51:07.510 [Task monitor] DEBUG n.processor.TaskPollingMonitor - Task completed > TaskHandler[id: 11; name: VCF_TO_CSV (2); status: COMPLETED; exit: 0; error: -; workDir: /vscratch/grp-rpili/neoantigen_prediction/vcf_expression_annotation/PID_262622/b1/0c43546651e0a693845f8b7815c2f9]
Aug-13 14:51:07.532 [Task monitor] DEBUG n.processor.TaskPollingMonitor - Task completed > TaskHandler[id: 12; name: VCF_TO_CSV (3); status: COMPLETED; exit: 0; error: -; workDir: /vscratch/grp-rpili/neoantigen_prediction/vcf_expression_annotation/PID_262622/bf/91b0af74494158b289917a8c3eb396]
Aug-13 14:51:07.631 [Task monitor] DEBUG n.processor.TaskPollingMonitor - Task completed > TaskHandler[id: 13; name: VCF_TO_CSV (4); status: COMPLETED; exit: 0; error: -; workDir: /vscratch/grp-rpili/neoantigen_prediction/vcf_expression_annotation/PID_262622/9c/13ecce45117abfe04f2854391447c2]
Aug-13 14:51:07.636 [main] DEBUG nextflow.Session - Session await > all processes finished
Aug-13 14:51:07.735 [Task monitor] DEBUG n.processor.TaskPollingMonitor - <<< barrier arrives (monitor: local) - terminating tasks monitor poll loop
Aug-13 14:51:07.735 [main] DEBUG nextflow.Session - Session await > all barriers passed
Aug-13 14:51:07.741 [main] DEBUG nextflow.util.ThreadPoolManager - Thread pool 'TaskFinalizer' shutdown completed (hard=false)
Aug-13 14:51:07.742 [main] DEBUG nextflow.util.ThreadPoolManager - Thread pool 'PublishDir' shutdown completed (hard=false)
Aug-13 14:51:07.758 [main] DEBUG n.trace.WorkflowStatsObserver - Workflow completed > WorkflowStats[succeededCount=13; failedCount=0; ignoredCount=0; cachedCount=0; pendingCount=0; submittedCount=0; runningCount=0; retriesCount=0; abortedCount=0; succeedDuration=33m 47s; failedDuration=0ms; cachedDuration=0ms;loadCpus=0; loadMemory=0; peakRunning=4; peakCpus=4; peakMemory=0; ]
Aug-13 14:51:07.841 [main] DEBUG nextflow.cache.CacheDB - Closing CacheDB done
Aug-13 14:51:07.931 [main] DEBUG nextflow.util.ThreadPoolManager - Thread pool 'FileTransfer' shutdown completed (hard=false)
Aug-13 14:51:07.933 [main] DEBUG nextflow.script.ScriptRunner - > Execution complete -- Goodbye
